[INFO ] [22:39:23] org.springframework.web.context.ContextLoader - Root WebApplicationContext: initialization started
  [INFO ] [22:39:23] org.springframework.web.context.support.XmlWebApplicationContext - Refreshing Root WebApplicationContext: startup date [Mon May 01 22:39:23 AEST 2017]; root of context hierarchy
  [INFO ] [22:39:23] org.springframework.beans.factory.xml.XmlBeanDefinitionReader - Loading XML bean definitions from class path resource [spring-mybatis.xml]
  [WARN ] [22:39:23] org.mybatis.spring.mapper.ClassPathMapperScanner - No MyBatis mapper was found in '[com.zhinengshe.dao]' package. Please check your configuration.
  [INFO ] [22:39:23] org.springframework.beans.factory.config.PropertyPlaceholderConfigurer - Loading properties file from class path resource [jdbc.properties]
  [INFO ] [22:39:23] org.springframework.beans.factory.annotation.AutowiredAnnotationBeanPostProcessor - JSR-330 'javax.inject.Inject' annotation found and supported for autowiring
  [INFO ] [22:39:24] org.springframework.web.context.ContextLoader - Root WebApplicationContext: initialization completed in 649 ms
  [INFO ] [22:39:24] org.springframework.web.servlet.DispatcherServlet - FrameworkServlet 'SpringMVC': initialization started
  [INFO ] [22:39:24] org.springframework.web.context.support.XmlWebApplicationContext - Refreshing WebApplicationContext for namespace 'SpringMVC-servlet': startup date [Mon May 01 22:39:24 AEST 2017]; parent: Root WebApplicationContext
  [INFO ] [22:39:24] org.springframework.beans.factory.xml.XmlBeanDefinitionReader - Loading XML bean definitions from class path resource [spring-mvc.xml]
  [INFO ] [22:39:24] org.springframework.beans.factory.annotation.AutowiredAnnotationBeanPostProcessor - JSR-330 'javax.inject.Inject' annotation found and supported for autowiring
  [INFO ] [22:39:24] org.springframework.web.servlet.mvc.annotation.DefaultAnnotationHandlerMapping - Mapped URL path [/jianshu/login.do] onto handler 'jianshuPorts'
  [INFO ] [22:39:24] org.springframework.web.servlet.mvc.annotation.DefaultAnnotationHandlerMapping - Mapped URL path [/jianshu/category.do] onto handler 'jianshuPorts'
  [INFO ] [22:39:24] org.springframework.web.servlet.mvc.annotation.DefaultAnnotationHandlerMapping - Mapped URL path [/jianshu/regist.do] onto handler 'jianshuPorts'
  [INFO ] [22:39:24] org.springframework.web.servlet.mvc.annotation.DefaultAnnotationHandlerMapping - Mapped URL path [/jianshu/articles/{categoryId}/{page}.do] onto handler 'jianshuPorts'
  [INFO ] [22:39:24] org.springframework.web.servlet.mvc.annotation.DefaultAnnotationHandlerMapping - Mapped URL path [/jianshu/articleInfor/{id}.do] onto handler 'jianshuPorts'
  [INFO ] [22:39:24] org.springframework.web.servlet.mvc.annotation.DefaultAnnotationHandlerMapping - Mapped URL path [/jianshu/navigation.do] onto handler 'jianshuPorts'
  [INFO ] [22:39:24] org.springframework.web.servlet.mvc.annotation.DefaultAnnotationHandlerMapping - Mapped URL path [/jianshu/replyComment.do] onto handler 'jianshuPorts'
  [INFO ] [22:39:24] org.springframework.web.servlet.mvc.annotation.DefaultAnnotationHandlerMapping - Mapped URL path [/jianshu/comment.do] onto handler 'jianshuPorts'
  [INFO ] [22:39:24] org.springframework.web.servlet.DispatcherServlet - FrameworkServlet 'SpringMVC': initialization completed in 263 ms
  [INFO ] [22:39:43] org.springframework.web.context.support.XmlWebApplicationContext - Closing WebApplicationContext for namespace 'SpringMVC-servlet': startup date [Mon May 01 22:39:24 AEST 2017]; parent: Root WebApplicationContext
  [INFO ] [22:39:43] org.springframework.web.context.support.XmlWebApplicationContext - Closing Root WebApplicationContext: startup date [Mon May 01 22:39:23 AEST 2017]; root of context hierarchy
  